<?xml version="1.0" encoding="UTF-8"?>
<!-- Generated by org.testng.reporters.JUnitReportReporter -->
<testsuite skipped="0" hostname="DESKTOP-0OBHA5P" name="com.visioit.freecrm.hybridframework.testcases.NewContactPageTest" tests="1" failures="0" timestamp="07 Feb 2020 15:53:42 GMT" time="64.756" errors="0">
  <testcase name="createNewAccountsTest" time="64.756" classname="com.visioit.freecrm.hybridframework.testcases.NewContactPageTest"/>
</testsuite> <!-- com.visioit.freecrm.hybridframework.testcases.NewContactPageTest -->
